GPU Device 0: "Tesla V100-DGXS-32GB" with compute capability 7.0

        16	     16384	  571.4286
GPU Device 0: "Tesla V100-DGXS-32GB" with compute capability 7.0

        16	     32768	 1040.6504
GPU Device 0: "Tesla V100-DGXS-32GB" with compute capability 7.0

        16	     65536	 1933.8998
GPU Device 0: "Tesla V100-DGXS-32GB" with compute capability 7.0

        16	    131072	 3271.5655
GPU Device 0: "Tesla V100-DGXS-32GB" with compute capability 7.0

        16	    262144	 4785.0467
GPU Device 0: "Tesla V100-DGXS-32GB" with compute capability 7.0

        16	    524288	 6159.3985
GPU Device 0: "Tesla V100-DGXS-32GB" with compute capability 7.0

        16	   1048576	 7546.7526
GPU Device 0: "Tesla V100-DGXS-32GB" with compute capability 7.0

        32	     16384	  615.3846
GPU Device 0: "Tesla V100-DGXS-32GB" with compute capability 7.0

        32	     32768	 1196.2617
GPU Device 0: "Tesla V100-DGXS-32GB" with compute capability 7.0

        32	     65536	 2158.0611
GPU Device 0: "Tesla V100-DGXS-32GB" with compute capability 7.0

        32	    131072	 3835.2061
GPU Device 0: "Tesla V100-DGXS-32GB" with compute capability 7.0

        32	    262144	 6548.3614
GPU Device 0: "Tesla V100-DGXS-32GB" with compute capability 7.0

        32	    524288	 9261.7300
GPU Device 0: "Tesla V100-DGXS-32GB" with compute capability 7.0

        32	   1048576	12091.5133
GPU Device 0: "Tesla V100-DGXS-32GB" with compute capability 7.0

        64	     16384	  640.0000
GPU Device 0: "Tesla V100-DGXS-32GB" with compute capability 7.0

        64	     32768	 1177.0115
GPU Device 0: "Tesla V100-DGXS-32GB" with compute capability 7.0

        64	     65536	 2319.3659
GPU Device 0: "Tesla V100-DGXS-32GB" with compute capability 7.0

        64	    131072	 4227.0382
GPU Device 0: "Tesla V100-DGXS-32GB" with compute capability 7.0

        64	    262144	 7406.8713
GPU Device 0: "Tesla V100-DGXS-32GB" with compute capability 7.0

        64	    524288	11546.1594
GPU Device 0: "Tesla V100-DGXS-32GB" with compute capability 7.0

        64	   1048576	17645.6645
GPU Device 0: "Tesla V100-DGXS-32GB" with compute capability 7.0

       128	     16384	  615.3846
GPU Device 0: "Tesla V100-DGXS-32GB" with compute capability 7.0

       128	     32768	 1200.4690
GPU Device 0: "Tesla V100-DGXS-32GB" with compute capability 7.0

       128	     65536	 2345.9335
GPU Device 0: "Tesla V100-DGXS-32GB" with compute capability 7.0

       128	    131072	 4481.4006
GPU Device 0: "Tesla V100-DGXS-32GB" with compute capability 7.0

       128	    262144	 7937.9849
GPU Device 0: "Tesla V100-DGXS-32GB" with compute capability 7.0

       128	    524288	11915.6364
GPU Device 0: "Tesla V100-DGXS-32GB" with compute capability 7.0

       128	   1048576	17532.3700
